<?xml version="1.0" encoding="UTF-8"?>
<!-- Generated by org.testng.reporters.JUnitReportReporter -->
<testsuite hostname="vaishali" name="com.qait.tests.MercurySite_SmokeExcel" tests="1" failures="0" timestamp="26 Mar 2016 18:40:27 GMT" time="5.820" errors="0">
  <testcase name="Step01_Launch_Application_Under_Test" time="5.820" classname="com.qait.tests.MercurySite_SmokeExcel"/>
</testsuite> <!-- com.qait.tests.MercurySite_SmokeExcel -->
